[2025-04-04 02:16:14] local.ERROR: No application encryption key has been specified. {"exception":"[object] (Illuminate\\Encryption\\MissingAppKeyException(code: 0): No application encryption key has been specified. at K:\\1-TDC\\2-backend\\week_7\\laravel_crud_user\\laptrinhweb.git\\example-app\\vendor\\laravel\\framework\\src\\Illuminate\\Encryption\\EncryptionServiceProvider.php:79)
[stacktrace]
#0 K:\\1-TDC\\2-backend\\week_7\\laravel_crud_user\\laptrinhweb.git\\example-app\\vendor\\laravel\\framework\\src\\Illuminate\\Support\\helpers.php(320): Illuminate\\Encryption\\EncryptionServiceProvider->Illuminate\\Encryption\\{closure}('')
#1 K:\\1-TDC\\2-backend\\week_7\\laravel_crud_user\\laptrinhweb.git\\example-app\\vendor\\laravel\\framework\\src\\Illuminate\\Encryption\\EncryptionServiceProvider.php(77): tap('', Object(Closure))
#2 K:\\1-TDC\\2-backend\\week_7\\laravel_crud_user\\laptrinhweb.git\\example-app\\vendor\\laravel\\framework\\src\\Illuminate\\Encryption\\EncryptionServiceProvider.php(60): Illuminate\\Encryption\\EncryptionServiceProvider->key(Array)
#3 K:\\1-TDC\\2-backend\\week_7\\laravel_crud_user\\laptrinhweb.git\\example-app\\vendor\\laravel\\framework\\src\\Illuminate\\Encryption\\EncryptionServiceProvider.php(32): Illuminate\\Encryption\\EncryptionServiceProvider->parseKey(Array)
#4 K:\\1-TDC\\2-backend\\week_7\\laravel_crud_user\\laptrinhweb.git\\example-app\\vendor\\laravel\\framework\\src\\Illuminate\\Container\\Container.php(908): Illuminate\\Encryption\\EncryptionServiceProvider->Illuminate\\Encryption\\{closure}(Object(Illuminate\\Foundation\\Application), Array)
#5 K:\\1-TDC\\2-backend\\week_7\\laravel_crud_user\\laptrinhweb.git\\example-app\\vendor\\laravel\\framework\\src\\Illuminate\\Container\\Container.php(795): Illuminate\\Container\\Container->build(Object(Closure))
#6 K:\\1-TDC\\2-backend\\week_7\\laravel_crud_user\\laptrinhweb.git\\example-app\\vendor\\laravel\\framework\\src\\Illuminate\\Foundation\\Application.php(986): Illuminate\\Container\\Container->resolve('encrypter', Array, true)
#7 K:\\1-TDC\\2-backend\\week_7\\laravel_crud_user\\laptrinhweb.git\\example-app\\vendor\\laravel\\framework\\src\\Illuminate\\Container\\Container.php(731): Illuminate\\Foundation\\Application->resolve('encrypter', Array)
#8 K:\\1-TDC\\2-backend\\week_7\\laravel_crud_user\\laptrinhweb.git\\example-app\\vendor\\laravel\\framework\\src\\Illuminate\\Foundation\\Application.php(971): Illuminate\\Container\\Container->make('encrypter', Array)
#9 K:\\1-TDC\\2-backend\\week_7\\laravel_crud_user\\laptrinhweb.git\\example-app\\vendor\\laravel\\framework\\src\\Illuminate\\Container\\Container.php(1066): Illuminate\\Foundation\\Application->make('encrypter')
#10 K:\\1-TDC\\2-backend\\week_7\\laravel_crud_user\\laptrinhweb.git\\example-app\\vendor\\laravel\\framework\\src\\Illuminate\\Container\\Container.php(982): Illuminate\\Container\\Container->resolveClass(Object(ReflectionParameter))
#11 K:\\1-TDC\\2-backend\\week_7\\laravel_crud_user\\laptrinhweb.git\\example-app\\vendor\\laravel\\framework\\src\\Illuminate\\Container\\Container.php(943): Illuminate\\Container\\Container->resolveDependencies(Array)
#12 K:\\1-TDC\\2-backend\\week_7\\laravel_crud_user\\laptrinhweb.git\\example-app\\vendor\\laravel\\framework\\src\\Illuminate\\Container\\Container.php(795): Illuminate\\Container\\Container->build('App\\\\Http\\\\Middle...')
#13 K:\\1-TDC\\2-backend\\week_7\\laravel_crud_user\\laptrinhweb.git\\example-app\\vendor\\laravel\\framework\\src\\Illuminate\\Foundation\\Application.php(986): Illuminate\\Container\\Container->resolve('App\\\\Http\\\\Middle...', Array, true)
#14 K:\\1-TDC\\2-backend\\week_7\\laravel_crud_user\\laptrinhweb.git\\example-app\\vendor\\laravel\\framework\\src\\Illuminate\\Container\\Container.php(731): Illuminate\\Foundation\\Application->resolve('App\\\\Http\\\\Middle...', Array)
#15 K:\\1-TDC\\2-backend\\week_7\\laravel_crud_user\\laptrinhweb.git\\example-app\\vendor\\laravel\\framework\\src\\Illuminate\\Foundation\\Application.php(971): Illuminate\\Container\\Container->make('App\\\\Http\\\\Middle...', Array)
#16 K:\\1-TDC\\2-backend\\week_7\\laravel_crud_user\\laptrinhweb.git\\example-app\\vendor\\laravel\\framework\\src\\Illuminate\\Pipeline\\Pipeline.php(172): Illuminate\\Foundation\\Application->make('App\\\\Http\\\\Middle...')
#17 K:\\1-TDC\\2-backend\\week_7\\laravel_crud_user\\laptrinhweb.git\\example-app\\vendor\\laravel\\framework\\src\\Illuminate\\Pipeline\\Pipeline.php(119): Illuminate\\Pipeline\\Pipeline->Illuminate\\Pipeline\\{closure}(Object(Illuminate\\Http\\Request))
#18 K:\\1-TDC\\2-backend\\week_7\\laravel_crud_user\\laptrinhweb.git\\example-app\\vendor\\laravel\\framework\\src\\Illuminate\\Routing\\Router.php(805): Illuminate\\Pipeline\\Pipeline->then(Object(Closure))
#19 K:\\1-TDC\\2-backend\\week_7\\laravel_crud_user\\laptrinhweb.git\\example-app\\vendor\\laravel\\framework\\src\\Illuminate\\Routing\\Router.php(784): Illuminate\\Routing\\Router->runRouteWithinStack(Object(Illuminate\\Routing\\Route), Object(Illuminate\\Http\\Request))
#20 K:\\1-TDC\\2-backend\\week_7\\laravel_crud_user\\laptrinhweb.git\\example-app\\vendor\\laravel\\framework\\src\\Illuminate\\Routing\\Router.php(748): Illuminate\\Routing\\Router->runRoute(Object(Illuminate\\Http\\Request), Object(Illuminate\\Routing\\Route))
#21 K:\\1-TDC\\2-backend\\week_7\\laravel_crud_user\\laptrinhweb.git\\example-app\\vendor\\laravel\\framework\\src\\Illuminate\\Routing\\Router.php(737): Illuminate\\Routing\\Router->dispatchToRoute(Object(Illuminate\\Http\\Request))
#22 K:\\1-TDC\\2-backend\\week_7\\laravel_crud_user\\laptrinhweb.git\\example-app\\vendor\\laravel\\framework\\src\\Illuminate\\Foundation\\Http\\Kernel.php(200): Illuminate\\Routing\\Router->dispatch(Object(Illuminate\\Http\\Request))
#23 K:\\1-TDC\\2-backend\\week_7\\laravel_crud_user\\laptrinhweb.git\\example-app\\vendor\\laravel\\framework\\src\\Illuminate\\Pipeline\\Pipeline.php(144): Illuminate\\Foundation\\Http\\Kernel->Illuminate\\Foundation\\Http\\{closure}(Object(Illuminate\\Http\\Request))
#24 K:\\1-TDC\\2-backend\\week_7\\laravel_crud_user\\laptrinhweb.git\\example-app\\vendor\\laravel\\framework\\src\\Illuminate\\Foundation\\Http\\Middleware\\TransformsRequest.php(21): Illuminate\\Pipeline\\Pipeline->Illuminate\\Pipeline\\{closure}(Object(Illuminate\\Http\\Request))
#25 K:\\1-TDC\\2-backend\\week_7\\laravel_crud_user\\laptrinhweb.git\\example-app\\vendor\\laravel\\framework\\src\\Illuminate\\Foundation\\Http\\Middleware\\ConvertEmptyStringsToNull.php(31): Illuminate\\Foundation\\Http\\Middleware\\TransformsRequest->handle(Object(Illuminate\\Http\\Request), Object(Closure))
#26 K:\\1-TDC\\2-backend\\week_7\\laravel_crud_user\\laptrinhweb.git\\example-app\\vendor\\laravel\\framework\\src\\Illuminate\\Pipeline\\Pipeline.php(183): Illuminate\\Foundation\\Http\\Middleware\\ConvertEmptyStringsToNull->handle(Object(Illuminate\\Http\\Request), Object(Closure))
#27 K:\\1-TDC\\2-backend\\week_7\\laravel_crud_user\\laptrinhweb.git\\example-app\\vendor\\laravel\\framework\\src\\Illuminate\\Foundation\\Http\\Middleware\\TransformsRequest.php(21): Illuminate\\Pipeline\\Pipeline->Illuminate\\Pipeline\\{closure}(Object(Illuminate\\Http\\Request))
#28 K:\\1-TDC\\2-backend\\week_7\\laravel_crud_user\\laptrinhweb.git\\example-app\\vendor\\laravel\\framework\\src\\Illuminate\\Foundation\\Http\\Middleware\\TrimStrings.php(40): Illuminate\\Foundation\\Http\\Middleware\\TransformsRequest->handle(Object(Illuminate\\Http\\Request), Object(Closure))
#29 K:\\1-TDC\\2-backend\\week_7\\laravel_crud_user\\laptrinhweb.git\\example-app\\vendor\\laravel\\framework\\src\\Illuminate\\Pipeline\\Pipeline.php(183): Illuminate\\Foundation\\Http\\Middleware\\TrimStrings->handle(Object(Illuminate\\Http\\Request), Object(Closure))
#30 K:\\1-TDC\\2-backend\\week_7\\laravel_crud_user\\laptrinhweb.git\\example-app\\vendor\\laravel\\framework\\src\\Illuminate\\Foundation\\Http\\Middleware\\ValidatePostSize.php(27): Illuminate\\Pipeline\\Pipeline->Illuminate\\Pipeline\\{closure}(Object(Illuminate\\Http\\Request))
#31 K:\\1-TDC\\2-backend\\week_7\\laravel_crud_user\\laptrinhweb.git\\example-app\\vendor\\laravel\\framework\\src\\Illuminate\\Pipeline\\Pipeline.php(183): Illuminate\\Foundation\\Http\\Middleware\\ValidatePostSize->handle(Object(Illuminate\\Http\\Request), Object(Closure))
#32 K:\\1-TDC\\2-backend\\week_7\\laravel_crud_user\\laptrinhweb.git\\example-app\\vendor\\laravel\\framework\\src\\Illuminate\\Foundation\\Http\\Middleware\\PreventRequestsDuringMaintenance.php(99): Illuminate\\Pipeline\\Pipeline->Illuminate\\Pipeline\\{closure}(Object(Illuminate\\Http\\Request))
#33 K:\\1-TDC\\2-backend\\week_7\\laravel_crud_user\\laptrinhweb.git\\example-app\\vendor\\laravel\\framework\\src\\Illuminate\\Pipeline\\Pipeline.php(183): Illuminate\\Foundation\\Http\\Middleware\\PreventRequestsDuringMaintenance->handle(Object(Illuminate\\Http\\Request), Object(Closure))
#34 K:\\1-TDC\\2-backend\\week_7\\laravel_crud_user\\laptrinhweb.git\\example-app\\vendor\\laravel\\framework\\src\\Illuminate\\Http\\Middleware\\HandleCors.php(49): Illuminate\\Pipeline\\Pipeline->Illuminate\\Pipeline\\{closure}(Object(Illuminate\\Http\\Request))
#35 K:\\1-TDC\\2-backend\\week_7\\laravel_crud_user\\laptrinhweb.git\\example-app\\vendor\\laravel\\framework\\src\\Illuminate\\Pipeline\\Pipeline.php(183): Illuminate\\Http\\Middleware\\HandleCors->handle(Object(Illuminate\\Http\\Request), Object(Closure))
#36 K:\\1-TDC\\2-backend\\week_7\\laravel_crud_user\\laptrinhweb.git\\example-app\\vendor\\laravel\\framework\\src\\Illuminate\\Http\\Middleware\\TrustProxies.php(39): Illuminate\\Pipeline\\Pipeline->Illuminate\\Pipeline\\{closure}(Object(Illuminate\\Http\\Request))
#37 K:\\1-TDC\\2-backend\\week_7\\laravel_crud_user\\laptrinhweb.git\\example-app\\vendor\\laravel\\framework\\src\\Illuminate\\Pipeline\\Pipeline.php(183): Illuminate\\Http\\Middleware\\TrustProxies->handle(Object(Illuminate\\Http\\Request), Object(Closure))
#38 K:\\1-TDC\\2-backend\\week_7\\laravel_crud_user\\laptrinhweb.git\\example-app\\vendor\\laravel\\framework\\src\\Illuminate\\Pipeline\\Pipeline.php(119): Illuminate\\Pipeline\\Pipeline->Illuminate\\Pipeline\\{closure}(Object(Illuminate\\Http\\Request))
#39 K:\\1-TDC\\2-backend\\week_7\\laravel_crud_user\\laptrinhweb.git\\example-app\\vendor\\laravel\\framework\\src\\Illuminate\\Foundation\\Http\\Kernel.php(175): Illuminate\\Pipeline\\Pipeline->then(Object(Closure))
#40 K:\\1-TDC\\2-backend\\week_7\\laravel_crud_user\\laptrinhweb.git\\example-app\\vendor\\laravel\\framework\\src\\Illuminate\\Foundation\\Http\\Kernel.php(144): Illuminate\\Foundation\\Http\\Kernel->sendRequestThroughRouter(Object(Illuminate\\Http\\Request))
#41 K:\\1-TDC\\2-backend\\week_7\\laravel_crud_user\\laptrinhweb.git\\example-app\\public\\index.php(51): Illuminate\\Foundation\\Http\\Kernel->handle(Object(Illuminate\\Http\\Request))
#42 K:\\1-TDC\\2-backend\\week_7\\laravel_crud_user\\laptrinhweb.git\\example-app\\vendor\\laravel\\framework\\src\\Illuminate\\Foundation\\resources\\server.php(16): require_once('K:\\\\1-TDC\\\\2-back...')
#43 {main}
"} 
[2025-04-04 02:16:15] local.ERROR: No application encryption key has been specified. {"exception":"[object] (Illuminate\\Encryption\\MissingAppKeyException(code: 0): No application encryption key has been specified. at K:\\1-TDC\\2-backend\\week_7\\laravel_crud_user\\laptrinhweb.git\\example-app\\vendor\\laravel\\framework\\src\\Illuminate\\Encryption\\EncryptionServiceProvider.php:79)
[stacktrace]
#0 K:\\1-TDC\\2-backend\\week_7\\laravel_crud_user\\laptrinhweb.git\\example-app\\vendor\\laravel\\framework\\src\\Illuminate\\Support\\helpers.php(320): Illuminate\\Encryption\\EncryptionServiceProvider->Illuminate\\Encryption\\{closure}('')
#1 K:\\1-TDC\\2-backend\\week_7\\laravel_crud_user\\laptrinhweb.git\\example-app\\vendor\\laravel\\framework\\src\\Illuminate\\Encryption\\EncryptionServiceProvider.php(77): tap('', Object(Closure))
#2 K:\\1-TDC\\2-backend\\week_7\\laravel_crud_user\\laptrinhweb.git\\example-app\\vendor\\laravel\\framework\\src\\Illuminate\\Encryption\\EncryptionServiceProvider.php(60): Illuminate\\Encryption\\EncryptionServiceProvider->key(Array)
#3 K:\\1-TDC\\2-backend\\week_7\\laravel_crud_user\\laptrinhweb.git\\example-app\\vendor\\laravel\\framework\\src\\Illuminate\\Encryption\\EncryptionServiceProvider.php(32): Illuminate\\Encryption\\EncryptionServiceProvider->parseKey(Array)
#4 K:\\1-TDC\\2-backend\\week_7\\laravel_crud_user\\laptrinhweb.git\\example-app\\vendor\\laravel\\framework\\src\\Illuminate\\Container\\Container.php(908): Illuminate\\Encryption\\EncryptionServiceProvider->Illuminate\\Encryption\\{closure}(Object(Illuminate\\Foundation\\Application), Array)
#5 K:\\1-TDC\\2-backend\\week_7\\laravel_crud_user\\laptrinhweb.git\\example-app\\vendor\\laravel\\framework\\src\\Illuminate\\Container\\Container.php(795): Illuminate\\Container\\Container->build(Object(Closure))
#6 K:\\1-TDC\\2-backend\\week_7\\laravel_crud_user\\laptrinhweb.git\\example-app\\vendor\\laravel\\framework\\src\\Illuminate\\Foundation\\Application.php(986): Illuminate\\Container\\Container->resolve('encrypter', Array, true)
#7 K:\\1-TDC\\2-backend\\week_7\\laravel_crud_user\\laptrinhweb.git\\example-app\\vendor\\laravel\\framework\\src\\Illuminate\\Container\\Container.php(731): Illuminate\\Foundation\\Application->resolve('encrypter', Array)
#8 K:\\1-TDC\\2-backend\\week_7\\laravel_crud_user\\laptrinhweb.git\\example-app\\vendor\\laravel\\framework\\src\\Illuminate\\Foundation\\Application.php(971): Illuminate\\Container\\Container->make('encrypter', Array)
#9 K:\\1-TDC\\2-backend\\week_7\\laravel_crud_user\\laptrinhweb.git\\example-app\\vendor\\laravel\\framework\\src\\Illuminate\\Container\\Container.php(1066): Illuminate\\Foundation\\Application->make('encrypter')
#10 K:\\1-TDC\\2-backend\\week_7\\laravel_crud_user\\laptrinhweb.git\\example-app\\vendor\\laravel\\framework\\src\\Illuminate\\Container\\Container.php(982): Illuminate\\Container\\Container->resolveClass(Object(ReflectionParameter))
#11 K:\\1-TDC\\2-backend\\week_7\\laravel_crud_user\\laptrinhweb.git\\example-app\\vendor\\laravel\\framework\\src\\Illuminate\\Container\\Container.php(943): Illuminate\\Container\\Container->resolveDependencies(Array)
#12 K:\\1-TDC\\2-backend\\week_7\\laravel_crud_user\\laptrinhweb.git\\example-app\\vendor\\laravel\\framework\\src\\Illuminate\\Container\\Container.php(795): Illuminate\\Container\\Container->build('App\\\\Http\\\\Middle...')
#13 K:\\1-TDC\\2-backend\\week_7\\laravel_crud_user\\laptrinhweb.git\\example-app\\vendor\\laravel\\framework\\src\\Illuminate\\Foundation\\Application.php(986): Illuminate\\Container\\Container->resolve('App\\\\Http\\\\Middle...', Array, true)
#14 K:\\1-TDC\\2-backend\\week_7\\laravel_crud_user\\laptrinhweb.git\\example-app\\vendor\\laravel\\framework\\src\\Illuminate\\Container\\Container.php(731): Illuminate\\Foundation\\Application->resolve('App\\\\Http\\\\Middle...', Array)
#15 K:\\1-TDC\\2-backend\\week_7\\laravel_crud_user\\laptrinhweb.git\\example-app\\vendor\\laravel\\framework\\src\\Illuminate\\Foundation\\Application.php(971): Illuminate\\Container\\Container->make('App\\\\Http\\\\Middle...', Array)
#16 K:\\1-TDC\\2-backend\\week_7\\laravel_crud_user\\laptrinhweb.git\\example-app\\vendor\\laravel\\framework\\src\\Illuminate\\Foundation\\Http\\Kernel.php(255): Illuminate\\Foundation\\Application->make('App\\\\Http\\\\Middle...')
#17 K:\\1-TDC\\2-backend\\week_7\\laravel_crud_user\\laptrinhweb.git\\example-app\\vendor\\laravel\\framework\\src\\Illuminate\\Foundation\\Http\\Kernel.php(213): Illuminate\\Foundation\\Http\\Kernel->terminateMiddleware(Object(Illuminate\\Http\\Request), Object(Illuminate\\Http\\Response))
#18 K:\\1-TDC\\2-backend\\week_7\\laravel_crud_user\\laptrinhweb.git\\example-app\\public\\index.php(55): Illuminate\\Foundation\\Http\\Kernel->terminate(Object(Illuminate\\Http\\Request), Object(Illuminate\\Http\\Response))
#19 K:\\1-TDC\\2-backend\\week_7\\laravel_crud_user\\laptrinhweb.git\\example-app\\vendor\\laravel\\framework\\src\\Illuminate\\Foundation\\resources\\server.php(16): require_once('K:\\\\1-TDC\\\\2-back...')
#20 {main}
"} 
[2025-04-04 02:16:25] local.ERROR: Command "key:generate\" is not defined.

Did you mean one of these?
    event:generate
    key:generate {"exception":"[object] (Symfony\\Component\\Console\\Exception\\CommandNotFoundException(code: 0): Command \"key:generate\\\" is not defined.

Did you mean one of these?
    event:generate
    key:generate at K:\\1-TDC\\2-backend\\week_7\\laravel_crud_user\\laptrinhweb.git\\example-app\\vendor\\symfony\\console\\Application.php:737)
[stacktrace]
#0 K:\\1-TDC\\2-backend\\week_7\\laravel_crud_user\\laptrinhweb.git\\example-app\\vendor\\symfony\\console\\Application.php(266): Symfony\\Component\\Console\\Application->find('key:generate\\\\')
#1 K:\\1-TDC\\2-backend\\week_7\\laravel_crud_user\\laptrinhweb.git\\example-app\\vendor\\symfony\\console\\Application.php(175): Symfony\\Component\\Console\\Application->doRun(Object(Symfony\\Component\\Console\\Input\\ArgvInput), Object(Symfony\\Component\\Console\\Output\\ConsoleOutput))
#2 K:\\1-TDC\\2-backend\\week_7\\laravel_crud_user\\laptrinhweb.git\\example-app\\vendor\\laravel\\framework\\src\\Illuminate\\Foundation\\Console\\Kernel.php(201): Symfony\\Component\\Console\\Application->run(Object(Symfony\\Component\\Console\\Input\\ArgvInput), Object(Symfony\\Component\\Console\\Output\\ConsoleOutput))
#3 K:\\1-TDC\\2-backend\\week_7\\laravel_crud_user\\laptrinhweb.git\\example-app\\artisan(35): Illuminate\\Foundation\\Console\\Kernel->handle(Object(Symfony\\Component\\Console\\Input\\ArgvInput), Object(Symfony\\Component\\Console\\Output\\ConsoleOutput))
#4 {main}
"} 
